<?xml version="1.0" encoding="UTF-8"?>
<testsuite name="org.abhijith.users.FacultyTest" tests="9" skipped="0" failures="0" errors="0" timestamp="2023-04-05T16:34:12" hostname="ADMIN" time="0.526">
  <properties/>
  <testcase name="uploadGrades()" classname="org.abhijith.users.FacultyTest" time="0.112"/>
  <testcase name="setCourseCategory()" classname="org.abhijith.users.FacultyTest" time="0.002"/>
  <testcase name="getGradesOfStudent()" classname="org.abhijith.users.FacultyTest" time="0.002"/>
  <testcase name="getInstructorPrerequisites()" classname="org.abhijith.users.FacultyTest" time="0.002"/>
  <testcase name="setCGAndPrerequisites()" classname="org.abhijith.users.FacultyTest" time="0.006"/>
  <testcase name="offerCourse()" classname="org.abhijith.users.FacultyTest" time="0.002"/>
  <testcase name="dropCourseOffering()" classname="org.abhijith.users.FacultyTest" time="0.003"/>
  <testcase name="getGradesOfOffering()" classname="org.abhijith.users.FacultyTest" time="0.002"/>
  <testcase name="generateGradeCSV()" classname="org.abhijith.users.FacultyTest" time="0.007"/>
  <system-out><![CDATA[]]></system-out>
  <system-err><![CDATA[]]></system-err>
</testsuite>
