<?xml version="1.0" encoding="UTF-8"?>
<testsuite name="org.abhijith.users.UserTest" tests="6" skipped="0" failures="0" errors="0" timestamp="2023-04-05T16:34:13" hostname="ADMIN" time="0.006">
  <properties/>
  <testcase name="setPassword()" classname="org.abhijith.users.UserTest" time="0.002"/>
  <testcase name="getID()" classname="org.abhijith.users.UserTest" time="0.001"/>
  <testcase name="setPhoneNumber()" classname="org.abhijith.users.UserTest" time="0.001"/>
  <testcase name="getContactDetails()" classname="org.abhijith.users.UserTest" time="0.0"/>
  <testcase name="getCourseCatalog()" classname="org.abhijith.users.UserTest" time="0.0"/>
  <testcase name="setEmail()" classname="org.abhijith.users.UserTest" time="0.001"/>
  <system-out><![CDATA[]]></system-out>
  <system-err><![CDATA[]]></system-err>
</testsuite>
