<?xml version="1.0" encoding="UTF-8"?>
<testsuite name="org.abhijith.ui.HomeUITest" tests="1" skipped="0" failures="0" errors="0" timestamp="2023-04-05T16:34:09" hostname="ADMIN" time="0.42">
  <properties/>
  <testcase name="mainInterface()" classname="org.abhijith.ui.HomeUITest" time="0.42"/>
  <system-out><![CDATA[]]></system-out>
  <system-err><![CDATA[]]></system-err>
</testsuite>
