<?xml version="1.0" encoding="UTF-8"?>
<testsuite name="org.abhijith.ui.FacultyUITest" tests="14" skipped="0" failures="0" errors="0" timestamp="2023-04-05T16:34:09" hostname="ADMIN" time="0.827">
  <properties/>
  <testcase name="getCourseGrades()" classname="org.abhijith.ui.FacultyUITest" time="0.053"/>
  <testcase name="dropOfferingTest()" classname="org.abhijith.ui.FacultyUITest" time="0.002"/>
  <testcase name="uploadGradesTest()" classname="org.abhijith.ui.FacultyUITest" time="0.036"/>
  <testcase name="updateEmailTest()" classname="org.abhijith.ui.FacultyUITest" time="0.003"/>
  <testcase name="generateGradeCSVTest()" classname="org.abhijith.ui.FacultyUITest" time="0.004"/>
  <testcase name="updatePasswordTest()" classname="org.abhijith.ui.FacultyUITest" time="0.008"/>
  <testcase name="getContactDetailsTest()" classname="org.abhijith.ui.FacultyUITest" time="0.011"/>
  <testcase name="updatePhoneNumberTest()" classname="org.abhijith.ui.FacultyUITest" time="0.004"/>
  <testcase name="viewCourseCatalogTest()" classname="org.abhijith.ui.FacultyUITest" time="0.005"/>
  <testcase name="viewInstructorPrerequisitesTest()" classname="org.abhijith.ui.FacultyUITest" time="0.006"/>
  <testcase name="insertPrerequisitesTest()" classname="org.abhijith.ui.FacultyUITest" time="0.04"/>
  <testcase name="offerCourseTest()" classname="org.abhijith.ui.FacultyUITest" time="0.005"/>
  <testcase name="getStudentGradesTest()" classname="org.abhijith.ui.FacultyUITest" time="0.008"/>
  <testcase name="setCourseCategoryTest()" classname="org.abhijith.ui.FacultyUITest" time="0.004"/>
  <system-out><![CDATA[]]></system-out>
  <system-err><![CDATA[]]></system-err>
</testsuite>
