<?xml version="1.0" encoding="UTF-8"?>
<testsuite name="org.abhijith.users.FacultyTest" tests="8" skipped="0" failures="0" errors="0" timestamp="2023-02-20T19:56:23" hostname="ADMIN" time="0.806">
  <properties/>
  <testcase name="uploadGrades()" classname="org.abhijith.users.FacultyTest" time="0.1"/>
  <testcase name="setCourseCategory()" classname="org.abhijith.users.FacultyTest" time="0.139"/>
  <testcase name="getGradesOfStudent()" classname="org.abhijith.users.FacultyTest" time="0.104"/>
  <testcase name="setCGAndPrerequisites()" classname="org.abhijith.users.FacultyTest" time="0.097"/>
  <testcase name="offerCourse()" classname="org.abhijith.users.FacultyTest" time="0.098"/>
  <testcase name="dropCourseOffering()" classname="org.abhijith.users.FacultyTest" time="0.095"/>
  <testcase name="getGradesOfOffering()" classname="org.abhijith.users.FacultyTest" time="0.085"/>
  <testcase name="generateGradeCSV()" classname="org.abhijith.users.FacultyTest" time="0.083"/>
  <system-out><![CDATA[]]></system-out>
  <system-err><![CDATA[]]></system-err>
</testsuite>
