<?xml version="1.0" encoding="UTF-8"?>
<testsuite name="org.abhijith.ui.FacultyUITest" tests="14" skipped="0" failures="0" errors="0" timestamp="2023-03-07T17:32:35" hostname="ADMIN" time="0.76">
  <properties/>
  <testcase name="getCourseGrades()" classname="org.abhijith.ui.FacultyUITest" time="0.093"/>
  <testcase name="dropOfferingTest()" classname="org.abhijith.ui.FacultyUITest" time="0.002"/>
  <testcase name="uploadGradesTest()" classname="org.abhijith.ui.FacultyUITest" time="0.022"/>
  <testcase name="updateEmailTest()" classname="org.abhijith.ui.FacultyUITest" time="0.002"/>
  <testcase name="generateGradeCSVTest()" classname="org.abhijith.ui.FacultyUITest" time="0.002"/>
  <testcase name="updatePasswordTest()" classname="org.abhijith.ui.FacultyUITest" time="0.002"/>
  <testcase name="getContactDetailsTest()" classname="org.abhijith.ui.FacultyUITest" time="0.004"/>
  <testcase name="updatePhoneNumberTest()" classname="org.abhijith.ui.FacultyUITest" time="0.002"/>
  <testcase name="viewCourseCatalogTest()" classname="org.abhijith.ui.FacultyUITest" time="0.002"/>
  <testcase name="viewInstructorPrerequisitesTest()" classname="org.abhijith.ui.FacultyUITest" time="0.002"/>
  <testcase name="insertPrerequisitesTest()" classname="org.abhijith.ui.FacultyUITest" time="0.009"/>
  <testcase name="offerCourseTest()" classname="org.abhijith.ui.FacultyUITest" time="0.005"/>
  <testcase name="getStudentGradesTest()" classname="org.abhijith.ui.FacultyUITest" time="0.003"/>
  <testcase name="setCourseCategoryTest()" classname="org.abhijith.ui.FacultyUITest" time="0.003"/>
  <system-out><![CDATA[]]></system-out>
  <system-err><![CDATA[]]></system-err>
</testsuite>
