<?xml version="1.0" encoding="UTF-8"?>
<testsuite name="org.example.dal.PostgresFacultyDAOTest" tests="1" skipped="0" failures="0" errors="0" timestamp="2023-02-15T12:53:22" hostname="ADMIN" time="0.168">
  <properties/>
  <testcase name="dropCourseOffering()" classname="org.example.dal.PostgresFacultyDAOTest" time="0.168"/>
  <system-out><![CDATA[]]></system-out>
  <system-err><![CDATA[]]></system-err>
</testsuite>
