<?xml version="1.0" encoding="UTF-8"?>
<testsuite name="org.example.users.AdminTest" tests="1" skipped="0" failures="0" errors="0" timestamp="2023-02-14T15:30:37" hostname="ADMIN" time="0.202">
  <properties/>
  <testcase name="insertCoreCourses()" classname="org.example.users.AdminTest" time="0.202"/>
  <system-out><![CDATA[]]></system-out>
  <system-err><![CDATA[]]></system-err>
</testsuite>
