<?xml version="1.0" encoding="UTF-8"?>
<testsuite name="org.abhijith.ui.FacultyUITest" tests="14" skipped="0" failures="0" errors="0" timestamp="2023-03-07T05:08:25" hostname="ADMIN" time="0.672">
  <properties/>
  <testcase name="getCourseGrades()" classname="org.abhijith.ui.FacultyUITest" time="0.088"/>
  <testcase name="dropOfferingTest()" classname="org.abhijith.ui.FacultyUITest" time="0.002"/>
  <testcase name="uploadGradesTest()" classname="org.abhijith.ui.FacultyUITest" time="0.021"/>
  <testcase name="updateEmailTest()" classname="org.abhijith.ui.FacultyUITest" time="0.002"/>
  <testcase name="generateGradeCSVTest()" classname="org.abhijith.ui.FacultyUITest" time="0.002"/>
  <testcase name="updatePasswordTest()" classname="org.abhijith.ui.FacultyUITest" time="0.003"/>
  <testcase name="getContactDetailsTest()" classname="org.abhijith.ui.FacultyUITest" time="0.004"/>
  <testcase name="updatePhoneNumberTest()" classname="org.abhijith.ui.FacultyUITest" time="0.003"/>
  <testcase name="viewCourseCatalogTest()" classname="org.abhijith.ui.FacultyUITest" time="0.002"/>
  <testcase name="viewInstructorPrerequisitesTest()" classname="org.abhijith.ui.FacultyUITest" time="0.002"/>
  <testcase name="insertPrerequisitesTest()" classname="org.abhijith.ui.FacultyUITest" time="0.008"/>
  <testcase name="offerCourseTest()" classname="org.abhijith.ui.FacultyUITest" time="0.002"/>
  <testcase name="getStudentGradesTest()" classname="org.abhijith.ui.FacultyUITest" time="0.002"/>
  <testcase name="setCourseCategoryTest()" classname="org.abhijith.ui.FacultyUITest" time="0.002"/>
  <system-out><![CDATA[]]></system-out>
  <system-err><![CDATA[]]></system-err>
</testsuite>
