<?xml version="1.0" encoding="UTF-8"?>
<testsuite name="org.abhijith.ui.AdminUITest" tests="1" skipped="0" failures="0" errors="0" timestamp="2023-03-05T05:32:50" hostname="ADMIN" time="0.969">
  <properties/>
  <testcase name="getCourseRecordsTest()" classname="org.abhijith.ui.AdminUITest" time="0.969"/>
  <system-out><![CDATA[]]></system-out>
  <system-err><![CDATA[]]></system-err>
</testsuite>
