<?xml version="1.0" encoding="UTF-8"?>
<testsuite name="org.abhijith.dal.PasswordDatabaseTest" tests="3" skipped="0" failures="0" errors="0" timestamp="2023-03-05T09:40:47" hostname="ADMIN" time="0.305">
  <properties/>
  <testcase name="logLogoutEntry()" classname="org.abhijith.dal.PasswordDatabaseTest" time="0.183"/>
  <testcase name="logoutPreviousUser()" classname="org.abhijith.dal.PasswordDatabaseTest" time="0.071"/>
  <testcase name="authenticateUser()" classname="org.abhijith.dal.PasswordDatabaseTest" time="0.049"/>
  <system-out><![CDATA[Database Error. Please wait
Database Error. Previous log not found
]]></system-out>
  <system-err><![CDATA[Database Error. Login failed
]]></system-err>
</testsuite>
