<?xml version="1.0" encoding="UTF-8"?>
<testsuite name="org.example.users.AdminTest" tests="1" skipped="0" failures="0" errors="0" timestamp="2023-02-17T12:00:27" hostname="ADMIN" time="0.234">
  <properties/>
  <testcase name="generateTranscripts()" classname="org.example.users.AdminTest" time="0.234"/>
  <system-out><![CDATA[]]></system-out>
  <system-err><![CDATA[]]></system-err>
</testsuite>
