<?xml version="1.0" encoding="UTF-8"?>
<testsuite name="org.abhijith.users.UserTest" tests="5" skipped="0" failures="0" errors="0" timestamp="2023-03-05T09:40:55" hostname="ADMIN" time="0.004">
  <properties/>
  <testcase name="setPassword()" classname="org.abhijith.users.UserTest" time="0.001"/>
  <testcase name="getID()" classname="org.abhijith.users.UserTest" time="0.0"/>
  <testcase name="setPhoneNumber()" classname="org.abhijith.users.UserTest" time="0.001"/>
  <testcase name="getContactDetails()" classname="org.abhijith.users.UserTest" time="0.001"/>
  <testcase name="setEmail()" classname="org.abhijith.users.UserTest" time="0.0"/>
  <system-out><![CDATA[]]></system-out>
  <system-err><![CDATA[]]></system-err>
</testsuite>
