<?xml version="1.0" encoding="UTF-8"?>
<testsuite name="org.abhijith.users.FacultyTest" tests="8" skipped="0" failures="0" errors="0" timestamp="2023-03-05T09:40:55" hostname="ADMIN" time="0.306">
  <properties/>
  <testcase name="uploadGrades()" classname="org.abhijith.users.FacultyTest" time="0.049"/>
  <testcase name="setCourseCategory()" classname="org.abhijith.users.FacultyTest" time="0.002"/>
  <testcase name="getGradesOfStudent()" classname="org.abhijith.users.FacultyTest" time="0.002"/>
  <testcase name="setCGAndPrerequisites()" classname="org.abhijith.users.FacultyTest" time="0.003"/>
  <testcase name="offerCourse()" classname="org.abhijith.users.FacultyTest" time="0.002"/>
  <testcase name="dropCourseOffering()" classname="org.abhijith.users.FacultyTest" time="0.001"/>
  <testcase name="getGradesOfOffering()" classname="org.abhijith.users.FacultyTest" time="0.001"/>
  <testcase name="generateGradeCSV()" classname="org.abhijith.users.FacultyTest" time="0.013"/>
  <system-out><![CDATA[]]></system-out>
  <system-err><![CDATA[]]></system-err>
</testsuite>
