<?xml version="1.0" encoding="UTF-8"?>
<testsuite name="org.abhijith.ui.AdminUITest" tests="17" skipped="0" failures="0" errors="0" timestamp="2023-03-06T06:39:42" hostname="ADMIN" time="4.178">
  <properties/>
  <testcase name="generateTranscriptTest()" classname="org.abhijith.ui.AdminUITest" time="2.562"/>
  <testcase name="insertCourseTest()" classname="org.abhijith.ui.AdminUITest" time="0.072"/>
  <testcase name="updateEmailTest()" classname="org.abhijith.ui.AdminUITest" time="0.023"/>
  <testcase name="removeCourseTest()" classname="org.abhijith.ui.AdminUITest" time="0.012"/>
  <testcase name="getCourseRecordsTest()" classname="org.abhijith.ui.AdminUITest" time="0.033"/>
  <testcase name="updatePasswordTest()" classname="org.abhijith.ui.AdminUITest" time="0.023"/>
  <testcase name="getContactDetailsTest()" classname="org.abhijith.ui.AdminUITest" time="0.026"/>
  <testcase name="startNewSessionTest()" classname="org.abhijith.ui.AdminUITest" time="0.007"/>
  <testcase name="insertStudentTest()" classname="org.abhijith.ui.AdminUITest" time="0.011"/>
  <testcase name="updatePhoneNumberTest()" classname="org.abhijith.ui.AdminUITest" time="0.008"/>
  <testcase name="getRecordsTest()" classname="org.abhijith.ui.AdminUITest" time="0.008"/>
  <testcase name="viewCourseCatalogTest()" classname="org.abhijith.ui.AdminUITest" time="0.015"/>
  <testcase name="checkGraduationTest()" classname="org.abhijith.ui.AdminUITest" time="0.009"/>
  <testcase name="insertBatchTest()" classname="org.abhijith.ui.AdminUITest" time="0.027"/>
  <testcase name="setEventTest()" classname="org.abhijith.ui.AdminUITest" time="0.014"/>
  <testcase name="insertFacultyTest()" classname="org.abhijith.ui.AdminUITest" time="0.015"/>
  <testcase name="addCoreCoursesListTest()" classname="org.abhijith.ui.AdminUITest" time="0.089"/>
  <system-out><![CDATA[]]></system-out>
  <system-err><![CDATA[]]></system-err>
</testsuite>
