<?xml version="1.0" encoding="UTF-8"?>
<testsuite name="org.abhijith.dal.PasswordDAOTest" tests="3" skipped="0" failures="0" errors="0" timestamp="2023-03-07T17:32:27" hostname="ADMIN" time="0.18">
  <properties/>
  <testcase name="logLogoutEntry()" classname="org.abhijith.dal.PasswordDAOTest" time="0.082"/>
  <testcase name="logoutPreviousUser()" classname="org.abhijith.dal.PasswordDAOTest" time="0.058"/>
  <testcase name="authenticateUser()" classname="org.abhijith.dal.PasswordDAOTest" time="0.039"/>
  <system-out><![CDATA[Database Error. Please wait
Database Error. Previous log not found
This connection has been closed.
]]></system-out>
  <system-err><![CDATA[Database Error. Login failed
]]></system-err>
</testsuite>
