<?xml version="1.0" encoding="UTF-8"?>
<testsuite name="org.example.users.StudentTest" tests="1" skipped="0" failures="0" errors="0" timestamp="2023-02-16T18:39:33" hostname="ADMIN" time="0.187">
  <properties/>
  <testcase name="getRemainingCreditRequirements()" classname="org.example.users.StudentTest" time="0.187"/>
  <system-out><![CDATA[11
]]></system-out>
  <system-err><![CDATA[]]></system-err>
</testsuite>
