<?xml version="1.0" encoding="UTF-8"?>
<testsuite name="org.abhijith.dal.PasswordDatabaseTest" tests="3" skipped="0" failures="0" errors="0" timestamp="2023-03-07T05:08:17" hostname="ADMIN" time="0.212">
  <properties/>
  <testcase name="logLogoutEntry()" classname="org.abhijith.dal.PasswordDatabaseTest" time="0.08"/>
  <testcase name="logoutPreviousUser()" classname="org.abhijith.dal.PasswordDatabaseTest" time="0.066"/>
  <testcase name="authenticateUser()" classname="org.abhijith.dal.PasswordDatabaseTest" time="0.064"/>
  <system-out><![CDATA[Database Error. Please wait
Database Error. Previous log not found
]]></system-out>
  <system-err><![CDATA[Database Error. Login failed
]]></system-err>
</testsuite>
