<?xml version="1.0" encoding="UTF-8"?>
<testsuite name="org.abhijith.MainTest" tests="1" skipped="0" failures="0" errors="0" timestamp="2023-03-05T09:40:47" hostname="ADMIN" time="0.423">
  <properties/>
  <testcase name="main()" classname="org.abhijith.MainTest" time="0.423"/>
  <system-out><![CDATA[]]></system-out>
  <system-err><![CDATA[]]></system-err>
</testsuite>
