<?xml version="1.0" encoding="UTF-8"?>
<testsuite name="org.abhijith.dal.PasswordDatabaseTest" tests="3" skipped="0" failures="0" errors="0" timestamp="2023-03-06T18:07:10" hostname="ADMIN" time="0.171">
  <properties/>
  <testcase name="logLogoutEntry()" classname="org.abhijith.dal.PasswordDatabaseTest" time="0.076"/>
  <testcase name="logoutPreviousUser()" classname="org.abhijith.dal.PasswordDatabaseTest" time="0.045"/>
  <testcase name="authenticateUser()" classname="org.abhijith.dal.PasswordDatabaseTest" time="0.048"/>
  <system-out><![CDATA[Database Error. Please wait
Database Error. Previous log not found
]]></system-out>
  <system-err><![CDATA[Database Error. Login failed
]]></system-err>
</testsuite>
