<?xml version="1.0" encoding="UTF-8"?>
<testsuite name="org.example.users.StudentTest" tests="1" skipped="0" failures="0" errors="0" timestamp="2023-02-11T13:39:49" hostname="ADMIN" time="0.181">
  <properties/>
  <testcase name="getGrades()" classname="org.example.users.StudentTest" time="0.181"/>
  <system-out><![CDATA[Records - Year: 2020 Semester: 1
Course Code   Course Title                                    Grade   
GE103         INTRODUCTION TO COMPUTING AND DATA STRUCTURES   A-      
CS101         DISCRETE MATHEMATICAL STRUCTURES                B       

No records found for session 2020-2

Records - Year: 2021 Semester: 1
Course Code   Course Title           Grade   
CS201         DATA STRUCTURES        A-      
CS203         DIGITAL LOGIC DESIGN   B       

No records found for session 2021-2

No records found for session 2022-1

]]></system-out>
  <system-err><![CDATA[]]></system-err>
</testsuite>
