<?xml version="1.0" encoding="UTF-8"?>
<testsuite name="org.abhijith.dal.PostgresFacultyDAOTest" tests="15" skipped="0" failures="0" errors="0" timestamp="2023-03-04T10:20:33" hostname="ADMIN" time="1.334">
  <properties/>
  <testcase name="setCourseCategory()" classname="org.abhijith.dal.PostgresFacultyDAOTest" time="0.046"/>
  <testcase name="getGradesOfCourse()" classname="org.abhijith.dal.PostgresFacultyDAOTest" time="0.029"/>
  <testcase name="verifyCore()" classname="org.abhijith.dal.PostgresFacultyDAOTest" time="0.032"/>
  <testcase name="setInstructorPrerequisites()" classname="org.abhijith.dal.PostgresFacultyDAOTest" time="0.033"/>
  <testcase name="getListOfStudents()" classname="org.abhijith.dal.PostgresFacultyDAOTest" time="0.033"/>
  <testcase name="isCourseAlreadyOffered()" classname="org.abhijith.dal.PostgresFacultyDAOTest" time="0.031"/>
  <testcase name="insertCourseOffering()" classname="org.abhijith.dal.PostgresFacultyDAOTest" time="0.035"/>
  <testcase name="isCurrentEventGradeSubmission()" classname="org.abhijith.dal.PostgresFacultyDAOTest" time="0.033"/>
  <testcase name="getDepartment()" classname="org.abhijith.dal.PostgresFacultyDAOTest" time="0.031"/>
  <testcase name="setCGCriteria()" classname="org.abhijith.dal.PostgresFacultyDAOTest" time="0.037"/>
  <testcase name="dropCourseOffering()" classname="org.abhijith.dal.PostgresFacultyDAOTest" time="0.039"/>
  <testcase name="uploadCourseGrades()" classname="org.abhijith.dal.PostgresFacultyDAOTest" time="0.072"/>
  <testcase name="checkIfOfferedBySelf()" classname="org.abhijith.dal.PostgresFacultyDAOTest" time="0.03"/>
  <testcase name="isCurrentEventOffering()" classname="org.abhijith.dal.PostgresFacultyDAOTest" time="0.033"/>
  <testcase name="getCourseEnrollmentsList()" classname="org.abhijith.dal.PostgresFacultyDAOTest" time="0.031"/>
  <system-out><![CDATA[Database error. Please try again later
Database Error. Please try again later
Database error. Please try again later
Database Error. Please verify details before trying again
Database Error. Please try again later
Database Error. Please try again later
Error. Please verify that the course is not already offered
Database Error. Please try again later
Faculty ID not found in database.
Database Error. Please verify that the course offering exists in the current session
Database Error. Please try again later
Database Error. Please verify that all grades are valid
Database Error. Please try again later
Database Error. Please try again later
Database Error. Please try again later
]]></system-out>
  <system-err><![CDATA[]]></system-err>
</testsuite>
